0 info it worked if it ends with ok
1 verbose cli [ 'C:\\Program Files (x86)\\nodejs\\node.exe',
1 verbose cli   'C:\\Program Files (x86)\\nodejs\\node_modules\\npm\\bin\\npm-cli.js',
1 verbose cli   'install',
1 verbose cli   '-g',
1 verbose cli   'es-checker' ]
2 info using npm@2.14.7
3 info using node@v4.2.2
4 verbose install initial load of C:\Users\sunfeilong1993\AppData\Roaming\npm\package.json
5 verbose readDependencies loading dependencies from C:\Users\sunfeilong1993\AppData\Roaming\npm\package.json
6 silly cache add args [ 'es-checker', null ]
7 verbose cache add spec es-checker
8 silly cache add parsed spec Result {
8 silly cache add   raw: 'es-checker',
8 silly cache add   scope: null,
8 silly cache add   name: 'es-checker',
8 silly cache add   rawSpec: '',
8 silly cache add   spec: '*',
8 silly cache add   type: 'range' }
9 silly addNamed es-checker@*
10 verbose addNamed "*" is a valid semver range for es-checker
11 silly addNameRange { name: 'es-checker', range: '*', hasData: false }
12 silly mapToRegistry name es-checker
13 silly mapToRegistry using default registry
14 silly mapToRegistry registry https://registry.npmjs.org/
15 silly mapToRegistry uri https://registry.npmjs.org/es-checker
16 verbose addNameRange registry:https://registry.npmjs.org/es-checker not in flight; fetching
17 verbose request uri https://registry.npmjs.org/es-checker
18 verbose request no auth needed
19 info attempt registry request try #1 at 22:29:05
20 verbose request id 1b218e38dd2fca22
21 http request GET https://registry.npmjs.org/es-checker
22 info retry will retry, error on last attempt: Error: socket hang up
23 info attempt registry request try #2 at 22:30:24
24 http request GET https://registry.npmjs.org/es-checker
25 info retry will retry, error on last attempt: Error: read ECONNRESET
26 info attempt registry request try #3 at 22:31:51
27 http request GET https://registry.npmjs.org/es-checker
28 verbose stack Error: socket hang up
28 verbose stack     at TLSSocket.onHangUp (_tls_wrap.js:1035:19)
28 verbose stack     at TLSSocket.g (events.js:260:16)
28 verbose stack     at emitNone (events.js:72:20)
28 verbose stack     at TLSSocket.emit (events.js:166:7)
28 verbose stack     at endReadableNT (_stream_readable.js:905:12)
28 verbose stack     at doNTCallback2 (node.js:441:9)
28 verbose stack     at process._tickCallback (node.js:355:17)
29 verbose cwd D:\HBuilder\Project\Notes\js\es6
30 error Windows_NT 6.2.9200
31 error argv "C:\\Program Files (x86)\\nodejs\\node.exe" "C:\\Program Files (x86)\\nodejs\\node_modules\\npm\\bin\\npm-cli.js" "install" "-g" "es-checker"
32 error node v4.2.2
33 error npm  v2.14.7
34 error code ECONNRESET
35 error network socket hang up
35 error network This is most likely not a problem with npm itself
35 error network and is related to network connectivity.
35 error network In most cases you are behind a proxy or have bad network settings.
35 error network
35 error network If you are behind a proxy, please make sure that the
35 error network 'proxy' config is set properly.  See: 'npm help config'
36 verbose exit [ 1, true ]
